{"E:\\Microverse Program starts\\Module 2\\Week 5\\PAKTZ_Restaurant\\src\\modules\\Math.js": {"path":"E:\\Microverse Program starts\\Module 2\\Week 5\\PAKTZ_Restaurant\\src\\modules\\Math.js","statementMap":{"0":{"start":{"line":1,"column":12},"end":{"line":1,"column":27}},"1":{"start":{"line":1,"column":22},"end":{"line":1,"column":27}}},"fnMap":{"0":{"name":"(anonymous_0)","decl":{"start":{"line":1,"column":12},"end":{"line":1,"column":13}},"loc":{"start":{"line":1,"column":22},"end":{"line":1,"column":27}},"line":1}},"branchMap":{},"s":{"0":1,"1":1},"f":{"0":1},"b":{},"_coverageSchema":"1a1c01bbd47fc00a2c39e90264f33305004495a9","hash":"e0e98501e34eeed5999caee0314273544a2d8ae1"}
}
