{"C:\\Users\\Coding\\Desktop\\Microverse\\PAKTZ_Restaurant\\src\\modules\\Math.js": {"path":"C:\\Users\\Coding\\Desktop\\Microverse\\PAKTZ_Restaurant\\src\\modules\\Math.js","statementMap":{"0":{"start":{"line":1,"column":10},"end":{"line":3,"column":1}},"1":{"start":{"line":2,"column":1},"end":{"line":2,"column":12}}},"fnMap":{"0":{"name":"(anonymous_0)","decl":{"start":{"line":1,"column":10},"end":{"line":1,"column":11}},"loc":{"start":{"line":1,"column":17},"end":{"line":3,"column":1}},"line":1}},"branchMap":{},"s":{"0":1,"1":1},"f":{"0":1},"b":{},"_coverageSchema":"1a1c01bbd47fc00a2c39e90264f33305004495a9","hash":"3495654f45d81cfe596479eaa3e044edaf92345e"}
}
